<<<<<<< HEAD
﻿  overlay.cpp
C:\Users\vvzag\source\repos\usermode\usermode\overlay\overlay.cpp(285,72): warning C4244: 'argument': conversion from 'int' to 'float', possible loss of data
C:\Users\vvzag\source\repos\usermode\usermode\overlay\overlay.cpp(285,68): warning C4244: 'argument': conversion from 'int' to 'float', possible loss of data
C:\Users\vvzag\source\repos\usermode\usermode\overlay\overlay.cpp(285,56): warning C4244: 'argument': conversion from 'int' to 'float', possible loss of data
C:\Users\vvzag\source\repos\usermode\usermode\overlay\overlay.cpp(285,52): warning C4244: 'argument': conversion from 'int' to 'float', possible loss of data
  usermode.vcxproj -> C:\Users\vvzag\source\repos\usermode\x64\Debug\usermode.exe
=======
﻿  bank.cpp
C:\Users\qwert\source\repos\gh\OOP_home_assignment\usermode\bank.cpp(72,9): warning C4244: return: преобразование "int64_t" в "int", возможна потеря данных
C:\Users\qwert\source\repos\gh\OOP_home_assignment\usermode\bank.cpp(76,9): warning C4244: return: преобразование "int64_t" в "int", возможна потеря данных
C:\Users\qwert\source\repos\gh\OOP_home_assignment\usermode\bank.cpp(98,20): warning C4018: >: несоответствие типов со знаком и без знака
C:\Users\qwert\source\repos\gh\OOP_home_assignment\usermode\bank.cpp(155,72): warning C4244: аргумент: преобразование "int" в "float", возможна потеря данных
C:\Users\qwert\source\repos\gh\OOP_home_assignment\usermode\bank.cpp(155,68): warning C4244: аргумент: преобразование "int" в "float", возможна потеря данных
C:\Users\qwert\source\repos\gh\OOP_home_assignment\usermode\bank.cpp(155,56): warning C4244: аргумент: преобразование "int" в "float", возможна потеря данных
C:\Users\qwert\source\repos\gh\OOP_home_assignment\usermode\bank.cpp(155,52): warning C4244: аргумент: преобразование "int" в "float", возможна потеря данных
  client.cpp
C:\Users\qwert\source\repos\gh\OOP_home_assignment\usermode\client.cpp(11,59): warning C4244: аргумент: преобразование "const int" в "float", возможна потеря данных
C:\Users\qwert\source\repos\gh\OOP_home_assignment\usermode\client.cpp(11,47): warning C4244: аргумент: преобразование "const int" в "float", возможна потеря данных
C:\Users\qwert\source\repos\gh\OOP_home_assignment\usermode\client.cpp(13,72): warning C4244: аргумент: преобразование "int" в "float", возможна потеря данных
C:\Users\qwert\source\repos\gh\OOP_home_assignment\usermode\client.cpp(13,56): warning C4244: аргумент: преобразование "int" в "float", возможна потеря данных
  globals.cpp
  overlay.cpp
C:\Users\qwert\source\repos\gh\OOP_home_assignment\usermode\overlay\overlay.cpp(276,72): warning C4244: аргумент: преобразование "int" в "float", возможна потеря данных
C:\Users\qwert\source\repos\gh\OOP_home_assignment\usermode\overlay\overlay.cpp(276,68): warning C4244: аргумент: преобразование "int" в "float", возможна потеря данных
C:\Users\qwert\source\repos\gh\OOP_home_assignment\usermode\overlay\overlay.cpp(276,56): warning C4244: аргумент: преобразование "int" в "float", возможна потеря данных
C:\Users\qwert\source\repos\gh\OOP_home_assignment\usermode\overlay\overlay.cpp(276,52): warning C4244: аргумент: преобразование "int" в "float", возможна потеря данных
  usermode.cpp
  Создание кода...
  usermode.vcxproj -> C:\Users\qwert\source\repos\gh\OOP_home_assignment\x64\Debug\usermode.exe
>>>>>>> d0ca3cccc28cf8b50ca80a2758836c4217a38902
